<?xml version="1.0" encoding="UTF-8"?>
<testng-results total="1" passed="1" failed="0" skipped="0">
  <reporter-output>
  </reporter-output>
  <suite started-at="2020-10-13T00:36:22Z" name="Relative Xpath Suite" finished-at="2020-10-13T00:36:38Z" duration-ms="15503">
    <groups>
    </groups>
    <test started-at="2020-10-13T00:36:22Z" name="RelativeXpathTests" finished-at="2020-10-13T00:36:38Z" duration-ms="15503">
      <class name="com.practicetestautomation.RelativeXpathTests">
        <test-method is-config="true" signature="setUp(java.lang.String)[pri:0, instance:com.practicetestautomation.RelativeXpathTests@470f1802]" started-at="2020-10-12T20:36:22Z" name="setUp" finished-at="2020-10-12T20:36:28Z" duration-ms="5513" status="PASS">
          <params>
            <param index="0">
              <value>
                <![CDATA[chrome]]>
              </value>
            </param>
          </params>
          <reporter-output>
          </reporter-output>
        </test-method> <!-- setUp -->
        <test-method signature="relativeXpathTest()[pri:0, instance:com.practicetestautomation.RelativeXpathTests@470f1802]" started-at="2020-10-12T20:36:28Z" name="relativeXpathTest" finished-at="2020-10-12T20:36:37Z" duration-ms="9402" status="PASS">
          <reporter-output>
          </reporter-output>
        </test-method> <!-- relativeXpathTest -->
        <test-method is-config="true" signature="tearDown()[pri:0, instance:com.practicetestautomation.RelativeXpathTests@470f1802]" started-at="2020-10-12T20:36:37Z" name="tearDown" finished-at="2020-10-12T20:36:38Z" duration-ms="574" status="PASS">
          <reporter-output>
          </reporter-output>
        </test-method> <!-- tearDown -->
      </class> <!-- com.practicetestautomation.RelativeXpathTests -->
    </test> <!-- RelativeXpathTests -->
  </suite> <!-- Relative Xpath Suite -->
</testng-results>
